2021-02-18 17:01:05,550 - [test_create_api.py-->line:74] - INFO: 用例--【创建成功】---执行成功
2021-02-18 17:01:05,753 - [test_create_api.py-->line:74] - INFO: 用例--【重复接口名称】---执行成功
2021-02-18 17:01:05,957 - [test_create_api.py-->line:74] - INFO: 用例--【无效id】---执行成功
2021-02-18 17:01:06,103 - [test_create_api.py-->line:74] - INFO: 用例--【id为空】---执行成功
2021-02-18 17:01:07,084 - [test_create_case.py-->line:85] - INFO: 用例--【成功创建】---执行成功
2021-02-18 17:01:07,288 - [test_create_case.py-->line:85] - INFO: 用例--【pid为空】---执行成功
2021-02-18 17:01:07,437 - [test_create_case.py-->line:85] - INFO: 用例--【cid为空】---执行成功
2021-02-18 17:01:07,595 - [test_create_case.py-->line:85] - INFO: 用例--【用例名字相同】---执行成功
2021-02-18 17:01:07,744 - [test_create_case.py-->line:85] - INFO: 用例--【名字超长】---执行成功
2021-02-18 17:01:08,353 - [test_create_project.py-->line:59] - INFO: 用例--【创建成功】---执行成功
2021-02-18 17:01:08,437 - [test_create_project.py-->line:59] - INFO: 用例--【重复项目名称】---执行成功
2021-02-18 17:01:08,529 - [test_create_project.py-->line:59] - INFO: 用例--【leader负责人超过200个字】---执行成功
2021-02-18 17:01:08,618 - [test_create_project.py-->line:59] - INFO: 用例--【publish_app超过100个字符】---执行成功
2021-02-18 17:01:09,112 - [test_login.py-->line:47] - INFO: 用例--【登陆成功】---执行成功
2021-02-18 17:01:09,315 - [test_login.py-->line:47] - INFO: 用例--【用户名错误】---执行成功
2021-02-18 17:01:09,522 - [test_login.py-->line:47] - INFO: 用例--【密码错误】---执行成功
2021-02-18 17:01:09,608 - [test_login.py-->line:47] - INFO: 用例--【密码为空】---执行成功
2021-02-18 17:01:09,691 - [test_login.py-->line:47] - INFO: 用例--【用户名为空】---执行成功
2021-02-18 17:01:09,778 - [test_login.py-->line:47] - INFO: 用例--【全都为空】---执行成功
2021-02-18 17:01:10,054 - [test_register.py-->line:39] - INFO: 用例--【注册成功】---执行成功
2021-02-18 17:01:10,153 - [test_register.py-->line:39] - INFO: 用例--【用户名为空】---执行成功
2021-02-18 17:01:10,244 - [test_register.py-->line:39] - INFO: 用例--【5位用户名】---执行成功
2021-02-18 17:01:10,332 - [test_register.py-->line:39] - INFO: 用例--【21位用户名】---执行成功
2021-02-18 17:01:10,419 - [test_register.py-->line:39] - INFO: 用例--【特殊字符用户名】---执行成功
2021-02-18 17:01:10,508 - [test_register.py-->line:39] - INFO: 用例--【已使用过的用户名】---执行成功
2021-02-18 17:01:10,591 - [test_register.py-->line:39] - INFO: 用例--【错误格式邮箱】---执行成功
2021-02-18 17:01:10,678 - [test_register.py-->line:39] - INFO: 用例--【已注册邮箱】---执行成功
2021-02-18 17:01:10,767 - [test_register.py-->line:36] - INFO: 用例--【邮箱为空】---执行失败
2021-02-18 17:01:10,863 - [test_register.py-->line:39] - INFO: 用例--【5位密码】---执行成功
2021-02-18 17:01:10,948 - [test_register.py-->line:39] - INFO: 用例--【21位密码】---执行成功
2021-02-18 17:01:11,033 - [test_register.py-->line:39] - INFO: 用例--【两次密码为空】---执行成功
2021-02-18 17:01:11,117 - [test_register.py-->line:39] - INFO: 用例--【两次密码不一致】---执行成功
